<?xml version="1.0" encoding="UTF-8"?>
<!-- Generated by org.testng.reporters.JUnitReportReporter -->
<testsuite hostname="Sarath" failures="0" tests="3" name="Seleniumproject.tests.SubmitOrderTest" time="41.573" errors="0" timestamp="2025-03-08T18:27:50 IST" skipped="0">
  <testcase classname="Seleniumproject.tests.SubmitOrderTest" name="submitOrder" time="12.947"/>
  <testcase classname="Seleniumproject.tests.SubmitOrderTest" name="submitOrder" time="16.770"/>
  <testcase classname="Seleniumproject.tests.SubmitOrderTest" name="OrderHistoryTest" time="11.856"/>
</testsuite> <!-- Seleniumproject.tests.SubmitOrderTest -->
