<?xml version="1.0" encoding="UTF-8"?>
<!-- Generated by org.testng.reporters.JUnitReportReporter -->
<testsuite hostname="Sarath" failures="0" tests="1" name="cucumber.TestNGTestRunner" time="20.966" errors="0" timestamp="2025-03-16T00:30:52 IST" skipped="0">
  <testcase classname="cucumber.TestNGTestRunner" name="runScenario" time="20.966"/>
</testsuite> <!-- cucumber.TestNGTestRunner -->
