<?xml version="1.0" encoding="UTF-8"?>
<!-- Generated by org.testng.reporters.JUnitReportReporter -->
<testsuite hostname="Sarath" failures="0" tests="1" name="Seleniumproject.tests.ErrorValidations" time="5.034" errors="0" timestamp="2025-02-24T20:00:10 IST" skipped="0">
  <testcase classname="Seleniumproject.tests.ErrorValidations" name="submitOrder" time="5.034"/>
</testsuite> <!-- Seleniumproject.tests.ErrorValidations -->
