<?xml version="1.0" encoding="UTF-8"?>
<!-- Generated by org.testng.reporters.JUnitReportReporter -->
<testsuite hostname="Sarath" failures="0" tests="3" name="Seleniumproject.tests.SubmitOrderTest" time="44.965" errors="0" timestamp="2025-03-16T01:00:17 IST" skipped="0">
  <testcase classname="Seleniumproject.tests.SubmitOrderTest" name="submitOrder" time="16.044"/>
  <testcase classname="Seleniumproject.tests.SubmitOrderTest" name="OrderHistoryTest" time="9.412"/>
  <testcase classname="Seleniumproject.tests.SubmitOrderTest" name="submitOrder" time="19.509"/>
</testsuite> <!-- Seleniumproject.tests.SubmitOrderTest -->
