<?xml version="1.0" encoding="UTF-8"?>
<!-- Generated by org.testng.reporters.JUnitReportReporter -->
<testsuite hostname="Sarath" failures="0" tests="2" name="Seleniumproject.tests.ErrorValidationsTest" time="18.837" errors="0" timestamp="2025-03-16T01:00:17 IST" skipped="0">
  <testcase classname="Seleniumproject.tests.ErrorValidationsTest" name="ProductErrorValidation" time="13.712"/>
  <testcase classname="Seleniumproject.tests.ErrorValidationsTest" name="LoginErrorValidation" time="5.125"/>
</testsuite> <!-- Seleniumproject.tests.ErrorValidationsTest -->
